<?xml version="1.0" encoding="UTF-8"?>
<!-- Generated by org.testng.reporters.JUnitXMLReporter -->
<testsuite ignored="0" hostname="IN-J3NN6S3" failures="1" tests="1" name="Myntra Automation Test Cases" time="13.679" errors="0" timestamp="2024-03-13T13:02:06 IST">
  <testcase classname="com.myntra.qa.testcase.MyntraTest" name="testcase" time="7.05">
    <failure type="java.lang.ClassCastException" message="class org.openqa.selenium.remote.RemoteWebElement cannot be cast to class org.openqa.selenium.By (org.openqa.selenium.remote.RemoteWebElement and org.openqa.selenium.By are in unnamed module of loader &amp;apos;app&amp;apos;)">
      <![CDATA[java.lang.ClassCastException: class org.openqa.selenium.remote.RemoteWebElement cannot be cast to class org.openqa.selenium.By (org.openqa.selenium.remote.RemoteWebElement and org.openqa.selenium.By are in unnamed module of loader 'app')
at com.myntra.qa.testcase.MyntraTest.testcase(MyntraTest.java:36)
at java.base/java.util.ArrayList.forEach(ArrayList.java:1596)
... Removed 25 stack frames]]>
    </failure>
  </testcase> <!-- testcase -->
</testsuite> <!-- Myntra Automation Test Cases -->
